ansible --private-key ~/.ssh/EffectiveDevOpsAWS.pem ec2 -m ping
[DEPRECATION WARNING]: The TRANSFORM_INVALID_GROUP_CHARS settings is set to allow bad
characters in group names by default, this will change, but still be user configurable on
deprecation. This feature will be removed in version 2.10. Deprecation warnings can be
disabled by setting deprecation_warnings=False in ansible.cfg.
[WARNING]: Invalid characters were found in group names but not replaced, use -vvvv to see
details
The authenticity of host '100.25.160.170 (100.25.160.170)' can't be established.
ECDSA key fingerprint is SHA256:9KCSLjVn804yhmUlbNS1OQ7qqdC8QeRGFbe0g5eagKQ.
Are you sure you want to continue connecting (yes/no/[fingerprint])? yes
[WARNING]: Platform linux on host 100.25.160.170 is using the discovered Python interpreter
at /usr/bin/python, but future installation of another Python interpreter could change
this. See
https://docs.ansible.com/ansible/2.9/reference_appendices/interpreter_discovery.html for
more information.
100.25.160.170 | SUCCESS => {
    "ansible_facts": {
        "discovered_interpreter_python": "/usr/bin/python"
    },
    "changed": false,
    "ping": "pong"
}
